<?xml version="1.0" encoding="UTF-8"?>
<testng-results ignored="0" total="1" passed="1" failed="0" skipped="0">
  <reporter-output>
    <line>
      <![CDATA[hello , it is github demo test]]>
    </line>
  </reporter-output>
  <suite started-at="2026-09-13T12:18:50 IST" name="Default suite" finished-at="2026-09-13T12:18:50 IST" duration-ms="59">
    <groups>
    </groups>
    <test started-at="2026-09-13T12:18:50 IST" name="Default test" finished-at="2026-09-13T12:18:50 IST" duration-ms="59">
      <class name="demo_test.Demo2_test">
        <test-method signature="test()[pri:0, instance:demo_test.Demo2_test@2a798d51]" started-at="2026-09-13T12:18:50 IST" name="test" finished-at="2026-09-13T12:18:50 IST" duration-ms="12" status="PASS">
          <reporter-output>
            <line>
              <![CDATA[hello , it is github demo test]]>
            </line>
          </reporter-output>
        </test-method> <!-- test -->
      </class> <!-- demo_test.Demo2_test -->
    </test> <!-- Default test -->
  </suite> <!-- Default suite -->
</testng-results>
