<?xml version="1.0" encoding="UTF-8"?>
<!-- Generated by org.testng.reporters.JUnitReportReporter -->
<testsuite hostname="DESKTOP-9VO4S6K" failures="0" tests="1" name="demo.Demotest" time="0.013" errors="0" timestamp="2026-09-13T10:08:36 IST" skipped="0">
  <testcase classname="demo.Demotest" name="test" time="0.013">
    <system-out>
      <![CDATA[add]]>
    </system-out>
  </testcase> <!-- test -->
  <system-out>
    <![CDATA[add]]>
  </system-out>
</testsuite> <!-- demo.Demotest -->
